TN:
SF:01-requestcount.js
FN:7,requestCountCntrl
FNF:1
FNH:1
FNDA:12,requestCountCntrl
DA:1,1
DA:2,1
DA:3,1
DA:4,1
DA:5,1
DA:6,1
DA:7,1
DA:8,12
DA:9,12
DA:10,12
DA:11,1
DA:12,1
DA:13,1
DA:14,1
DA:15,1
DA:16,1
DA:17,1
DA:18,10
DA:19,1
DA:20,1
DA:21,1
DA:22,0
DA:23,1
DA:24,1
DA:25,1
DA:26,2
DA:27,1
DA:28,1
DA:29,1
LF:29
LH:28
BRDA:7,0,0,12
BRDA:17,1,0,10
BRDA:25,2,0,2
BRF:3
BRH:3
end_of_record
TN:
SF:02-ratelimitter.js
FN:18,numberOfRequestsForUserfnc
FNF:1
FNH:1
FNDA:13,numberOfRequestsForUserfnc
DA:1,1
DA:2,1
DA:3,1
DA:4,1
DA:5,1
DA:6,1
DA:7,1
DA:8,1
DA:9,1
DA:10,1
DA:11,1
DA:12,1
DA:13,1
DA:14,1
DA:15,1
DA:16,2
DA:17,1
DA:18,1
DA:19,13
DA:20,13
DA:21,11
DA:22,11
DA:23,7
DA:24,11
DA:25,4
DA:26,4
DA:27,13
DA:28,2
DA:29,2
DA:30,2
DA:31,13
DA:32,1
DA:33,1
DA:34,6
DA:35,1
DA:36,1
DA:37,1
DA:38,0
DA:39,1
DA:40,1
DA:41,1
LF:41
LH:40
BRDA:15,0,0,2
BRDA:18,1,0,13
BRDA:20,2,0,11
BRDA:22,3,0,7
BRDA:24,4,0,4
BRDA:27,5,0,2
BRDA:33,6,0,6
BRF:7
BRH:7
end_of_record
TN:
SF:03-errorcount.js
FN:12,errorCountCntrl
FNF:1
FNH:1
FNDA:11,errorCountCntrl
DA:1,1
DA:2,1
DA:3,1
DA:4,1
DA:5,1
DA:6,1
DA:7,1
DA:8,1
DA:9,1
DA:10,1
DA:11,1
DA:12,1
DA:13,11
DA:14,11
DA:15,11
DA:16,1
DA:17,1
DA:18,11
DA:19,0
DA:20,1
DA:21,1
DA:22,1
DA:23,0
DA:24,1
DA:25,1
DA:26,1
DA:27,2
DA:28,1
DA:29,1
DA:30,1
LF:30
LH:28
BRDA:12,0,0,11
BRDA:17,1,0,11
BRDA:18,2,0,0
BRDA:26,3,0,2
BRF:4
BRH:3
end_of_record
